Using pre-set license
Built from '6000.0/release' branch; Version is '6000.0.43f1 (97272b72f107) revision 9905963'; Using compiler version '193933523'; Build Type 'Release'
OS: 'Windows 11  (10.0.26100) 64bit Professional' Language: 'en' Physical Memory: 32678 MB
BatchMode: 1, IsHumanControllingUs: 0, StartBugReporterOnCrash: 0, Is64bit: 1, IsPro: 1

COMMAND LINE ARGUMENTS:
C:\Program Files\Unity\Hub\Editor\6000.0.43f1\Editor\Unity.exe
-adb2
-batchMode
-noUpm
-name
AssetImportWorker6
-projectPath
C:/Users/camada/Documents/Projects/SpaceTime
-logFile
Logs/AssetImportWorker6.log
-srvPort
61252
-job-worker-count
15
-background-job-worker-count
8
-gc-helper-count
1
Successfully changed project path to: C:/Users/camada/Documents/Projects/SpaceTime
C:/Users/camada/Documents/Projects/SpaceTime
[UnityMemory] Configuration Parameters - Can be set up in boot.config
    "memorysetup-bucket-allocator-granularity=16"
    "memorysetup-bucket-allocator-bucket-count=8"
    "memorysetup-bucket-allocator-block-size=33554432"
    "memorysetup-bucket-allocator-block-count=8"
    "memorysetup-main-allocator-block-size=16777216"
    "memorysetup-thread-allocator-block-size=16777216"
    "memorysetup-gfx-main-allocator-block-size=16777216"
    "memorysetup-gfx-thread-allocator-block-size=16777216"
    "memorysetup-cache-allocator-block-size=4194304"
    "memorysetup-typetree-allocator-block-size=2097152"
    "memorysetup-profiler-bucket-allocator-granularity=16"
    "memorysetup-profiler-bucket-allocator-bucket-count=8"
    "memorysetup-profiler-bucket-allocator-block-size=33554432"
    "memorysetup-profiler-bucket-allocator-block-count=8"
    "memorysetup-profiler-allocator-block-size=16777216"
    "memorysetup-profiler-editor-allocator-block-size=1048576"
    "memorysetup-temp-allocator-size-main=16777216"
    "memorysetup-job-temp-allocator-block-size=2097152"
    "memorysetup-job-temp-allocator-block-size-background=1048576"
    "memorysetup-job-temp-allocator-reduction-small-platforms=262144"
    "memorysetup-allocator-temp-initial-block-size-main=262144"
    "memorysetup-allocator-temp-initial-block-size-worker=262144"
    "memorysetup-temp-allocator-size-background-worker=32768"
    "memorysetup-temp-allocator-size-job-worker=262144"
    "memorysetup-temp-allocator-size-preload-manager=33554432"
    "memorysetup-temp-allocator-size-nav-mesh-worker=65536"
    "memorysetup-temp-allocator-size-audio-worker=65536"
    "memorysetup-temp-allocator-size-cloud-worker=32768"
    "memorysetup-temp-allocator-size-gi-baking-worker=262144"
    "memorysetup-temp-allocator-size-gi-baking-worker=262144"
    "memorysetup-temp-allocator-size-gi-baking-worker=262144"
    "memorysetup-temp-allocator-size-gi-baking-worker=262144"
    "memorysetup-temp-allocator-size-gi-baking-worker=262144"
    "memorysetup-temp-allocator-size-gfx=262144"
Player connection [41456]  Target information:

Player connection [41456]  * "[IP] 192.168.68.57 [Port] 0 [Flags] 2 [Guid] 602362305 [EditorId] 602362305 [Version] 1048832 [Id] WindowsEditor(7,camada-cafe) [Debug] 1 [PackageName] WindowsEditor [ProjectName] Editor" 

Player connection [41456]  * "[IP] 169.254.83.107 [Port] 0 [Flags] 2 [Guid] 602362305 [EditorId] 602362305 [Version] 1048832 [Id] WindowsEditor(7,camada-cafe) [Debug] 1 [PackageName] WindowsEditor [ProjectName] Editor" 

Player connection [41456] Host joined multi-casting on [225.0.0.222:54997]...
Player connection [41456] Host joined alternative multi-casting on [225.0.0.222:34997]...
JobSystem: Creating JobQueue using job-worker-count value 15
Input System module state changed to: Initialized.
[Physics::Module] Initialized fallback backend.
[Physics::Module] Id: 0xdecafbad
Library Redirect Path: Library/
[Physics::Module] Selected backend.
[Physics::Module] Name: PhysX
[Physics::Module] Id: 0xf2b8ea05
[Physics::Module] SDK Version: 4.1.2
[Physics::Module] Integration Version: 1.0.0
[Physics::Module] Threading Mode: Multi-Threaded
Refreshing native plugins compatible for Editor in 2.20 ms, found 3 plugins.
Preloading 0 native plugins for Editor in 0.00 ms.
Initialize engine version: 6000.0.43f1 (97272b72f107)
[Subsystems] Discovering subsystems at path C:/Program Files/Unity/Hub/Editor/6000.0.43f1/Editor/Data/Resources/UnitySubsystems
[Subsystems] Discovering subsystems at path C:/Users/camada/Documents/Projects/SpaceTime/Assets
GfxDevice: creating device client; kGfxThreadingModeNonThreaded
Direct3D:
    Version:  Direct3D 11.0 [level 11.1]
    Renderer: NVIDIA GeForce RTX 3090 (ID=0x2204)
    Vendor:   NVIDIA
    VRAM:     24326 MB
    Driver:   32.0.15.7261
Initialize mono
Mono path[0] = 'C:/Program Files/Unity/Hub/Editor/6000.0.43f1/Editor/Data/Managed'
Mono path[1] = 'C:/Program Files/Unity/Hub/Editor/6000.0.43f1/Editor/Data/MonoBleedingEdge/lib/mono/unityjit-win32'
Mono config path = 'C:/Program Files/Unity/Hub/Editor/6000.0.43f1/Editor/Data/MonoBleedingEdge/etc'
Using monoOptions --debugger-agent=transport=dt_socket,embedding=1,server=y,suspend=n,address=127.0.0.1:56488
Begin MonoManager ReloadAssembly
Registering precompiled unity dll's ...
Register platform support module: C:/Program Files/Unity/Hub/Editor/6000.0.43f1/Editor/Data/PlaybackEngines/WebGLSupport/UnityEditor.WebGL.Extensions.dll
Register platform support module: C:/Program Files/Unity/Hub/Editor/6000.0.43f1/Editor/Data/PlaybackEngines/WindowsStandaloneSupport/UnityEditor.WindowsStandalone.Extensions.dll
Register platform support module: C:/Program Files/Unity/Hub/Editor/6000.0.43f1/Editor/Data/PlaybackEngines/AndroidPlayer/UnityEditor.Android.Extensions.dll
Registered in 0.006167 seconds.
- Loaded All Assemblies, in  0.440 seconds
Native extension for Android target not found
Native extension for WindowsStandalone target not found
Native extension for WebGL target not found
Mono: successfully reloaded assembly
- Finished resetting the current domain, in  0.416 seconds
Domain Reload Profiling: 853ms
	BeginReloadAssembly (160ms)
		ExecutionOrderSort (0ms)
		DisableScriptedObjects (0ms)
		BackupInstance (0ms)
		ReleaseScriptingObjects (0ms)
		CreateAndSetChildDomain (1ms)
	RebuildCommonClasses (37ms)
	RebuildNativeTypeToScriptingClass (10ms)
	initialDomainReloadingComplete (54ms)
	LoadAllAssembliesAndSetupDomain (175ms)
		LoadAssemblies (154ms)
		RebuildTransferFunctionScriptingTraits (0ms)
		AnalyzeDomain (171ms)
			TypeCache.Refresh (168ms)
				TypeCache.ScanAssembly (155ms)
			BuildScriptInfoCaches (0ms)
			ResolveRequiredComponents (1ms)
	FinalizeReload (417ms)
		ReleaseScriptCaches (0ms)
		RebuildScriptCaches (0ms)
		SetupLoadedEditorAssemblies (382ms)
			LogAssemblyErrors (0ms)
			InitializePlatformSupportModulesInManaged (82ms)
			SetLoadedEditorAssemblies (5ms)
			BeforeProcessingInitializeOnLoad (63ms)
			ProcessInitializeOnLoadAttributes (160ms)
			ProcessInitializeOnLoadMethodAttributes (71ms)
			AfterProcessingInitializeOnLoad (0ms)
			EditorAssembliesLoaded (0ms)
		ExecutionOrderSort2 (0ms)
		AwakeInstancesAfterBackupRestoration (0ms)
Assembly reference Packages/com.unity.cinemachine/Editor/Samples/ExposeHDRPInternals/HDRP-Editor-ref.asmref has no target assembly definition
========================================================================
Worker process is ready to serve import requests
Import Worker Mode flag is 0x00
Assembly reference Packages/com.unity.cinemachine/Editor/Samples/ExposeHDRPInternals/HDRP-Editor-ref.asmref has no target assembly definition
Assembly reference Packages/com.unity.cinemachine/Editor/Samples/ExposeHDRPInternals/HDRP-Editor-ref.asmref has no target assembly definition
Begin MonoManager ReloadAssembly
Duplicate assembly 'System.Collections.Immutable.FSR.dll' with different versions detected, using 'Packages/com.handzlikchris.fastscriptreload/Plugins/Roslyn/2021+/System.Collections.Immutable.FSR.dll, AssemblyName=System.Collections.Immutable, Version=7.0.0.0, Culture=neutral, PublicKeyToken=b03f5f7f11d50a3a' and ignoring 'Packages/com.handzlikchris.fastscriptreload/Plugins/Roslyn/2021+/System.Collections.Immutable.dll, AssemblyName=System.Collections.Immutable, Version=1.2.3.0, Culture=neutral, PublicKeyToken=b03f5f7f11d50a3a'.- Loaded All Assemblies, in  1.231 seconds
Assembly reference Packages/com.unity.cinemachine/Editor/Samples/ExposeHDRPInternals/HDRP-Editor-ref.asmref has no target assembly definition
Script 'Grid' has the same name as built-in Unity component.
AddComponent and GetComponent will not work with this script.
'Packages/com.unity.cinemachine/Editor/Obsolete/CinemachineVirtualCameraBaseEditor.cs' contains partial class of Unity.Object, exactly 1 of the partial classes needs to be in a file with the same filename. This is to know the one that can be referenced from ie. GameObjects
'Packages/com.unity.cinemachine/Editor/Editors/CinemachineVirtualCameraBaseEditor.cs' contains partial class of Unity.Object, exactly 1 of the partial classes needs to be in a file with the same filename. This is to know the one that can be referenced from ie. GameObjects
Refreshing native plugins compatible for Editor in 1.03 ms, found 3 plugins.
Native extension for Android target not found
Native extension for WindowsStandalone target not found
Native extension for WebGL target not found
Assembly reference Packages/com.unity.cinemachine/Editor/Samples/ExposeHDRPInternals/HDRP-Editor-ref.asmref has no target assembly definition
System.InvalidOperationException: Sequence contains no matching element
  at System.Linq.Enumerable.First[TSource] (System.Collections.Generic.IEnumerable`1[T] source, System.Func`2[T,TResult] predicate) [0x00011] in <7ae67de414c34a0397e0ee5801c5da5a>:0 
  at FastScriptReload.Editor.Compilation.DynamicCompilationBase+<>c.<.cctor>b__8_0 () [0x00000] in .\Library\PackageCache\com.handzlikchris.fastscriptreload@055e4b289c25\Scripts\Editor\Compilation\DynamicCompilationBase.cs:66 
  at ImmersiveVRTools.Editor.Common.Cache.SessionStateCache.GetOrCreateString (System.String key, System.Func`1[TResult] create) [0x0001d] in <9139b57e70db41b1b3e8ae7302e30088>:0 
  at FastScriptReload.Editor.Compilation.DynamicCompilationBase..cctor () [0x00038] in .\Library\PackageCache\com.handzlikchris.fastscriptreload@055e4b289c25\Scripts\Editor\Compilation\DynamicCompilationBase.cs:64 
UnityEngine.Debug:ExtractStackTraceNoAlloc (byte*,int,string)
UnityEngine.StackTraceUtility:ExtractStackTrace ()
UnityEngine.DebugLogHandler:Internal_Log (UnityEngine.LogType,UnityEngine.LogOption,string,UnityEngine.Object)
UnityEngine.DebugLogHandler:LogFormat (UnityEngine.LogType,UnityEngine.Object,string,object[])
UnityEngine.Logger:Log (UnityEngine.LogType,object)
UnityEngine.Debug:LogError (object)
UnityEditor.EditorAssemblies:ProcessInitializeOnLoadAttributes (System.Type[])

System.TypeInitializationException: The type initializer for 'FastScriptReload.Editor.Compilation.DynamicCompilationBase' threw an exception. ---> System.InvalidOperationException: Sequence contains no matching element
  at System.Linq.Enumerable.First[TSource] (System.Collections.Generic.IEnumerable`1[T] source, System.Func`2[T,TResult] predicate) [0x00011] in <7ae67de414c34a0397e0ee5801c5da5a>:0 
  at FastScriptReload.Editor.Compilation.DynamicCompilationBase+<>c.<.cctor>b__8_0 () [0x00000] in .\Library\PackageCache\com.handzlikchris.fastscriptreload@055e4b289c25\Scripts\Editor\Compilation\DynamicCompilationBase.cs:66 
  at ImmersiveVRTools.Editor.Common.Cache.SessionStateCache.GetOrCreateString (System.String key, System.Func`1[TResult] create) [0x0001d] in <9139b57e70db41b1b3e8ae7302e30088>:0 
  at FastScriptReload.Editor.Compilation.DynamicCompilationBase..cctor () [0x00038] in .\Library\PackageCache\com.handzlikchris.fastscriptreload@055e4b289c25\Scripts\Editor\Compilation\DynamicCompilationBase.cs:64 
   --- End of inner exception stack trace ---
  at (wrapper managed-to-native) System.Object.__icall_wrapper_mono_generic_class_init(intptr)
  at FastScriptReload.Editor.FastScriptReloadWelcomeScreenInitializer.InitCommon () [0x0000d] in .\Library\PackageCache\com.handzlikchris.fastscriptreload@055e4b289c25\Scripts\Editor\FastScriptReloadWelcomeScreen.cs:959 
  at FastScriptReload.Editor.FastScriptReloadWelcomeScreenInitializer..cctor () [0x0004c] in .\Library\PackageCache\com.handzlikchris.fastscriptreload@055e4b289c25\Scripts\Editor\FastScriptReloadWelcomeScreen.cs:939 
UnityEngine.Debug:ExtractStackTraceNoAlloc (byte*,int,string)
UnityEngine.StackTraceUtility:ExtractStackTrace ()
UnityEngine.DebugLogHandler:Internal_Log (UnityEngine.LogType,UnityEngine.LogOption,string,UnityEngine.Object)
UnityEngine.DebugLogHandler:LogFormat (UnityEngine.LogType,UnityEngine.Object,string,object[])
UnityEngine.Logger:Log (UnityEngine.LogType,object)
UnityEngine.Debug:LogError (object)
UnityEditor.EditorAssemblies:ProcessInitializeOnLoadAttributes (System.Type[])

Package Manager log level set to [2]
[Package Manager] Failed to launch server process. Reason: Unity was launched with the -noUpm command-line argument
[Package Manager] Unable to send message (not connected to server process).
[Package Manager] Cannot connect to Unity Package Manager local server
[Package Manager] Failed to launch server process. Reason: Unity was launched with the -noUpm command-line argument
[Package Manager] Unable to send message (not connected to server process).
[Package Manager] Cannot connect to Unity Package Manager local server
Mono: successfully reloaded assembly
- Finished resetting the current domain, in  2.226 seconds
Domain Reload Profiling: 3449ms
	BeginReloadAssembly (181ms)
		ExecutionOrderSort (0ms)
		DisableScriptedObjects (6ms)
		BackupInstance (0ms)
		ReleaseScriptingObjects (0ms)
		CreateAndSetChildDomain (40ms)
	RebuildCommonClasses (37ms)
	RebuildNativeTypeToScriptingClass (10ms)
	initialDomainReloadingComplete (59ms)
	LoadAllAssembliesAndSetupDomain (936ms)
		LoadAssemblies (605ms)
		RebuildTransferFunctionScriptingTraits (0ms)
		AnalyzeDomain (432ms)
			TypeCache.Refresh (346ms)
				TypeCache.ScanAssembly (319ms)
			BuildScriptInfoCaches (60ms)
			ResolveRequiredComponents (20ms)
	FinalizeReload (2226ms)
		ReleaseScriptCaches (0ms)
		RebuildScriptCaches (0ms)
		SetupLoadedEditorAssemblies (2042ms)
			LogAssemblyErrors (0ms)
			InitializePlatformSupportModulesInManaged (14ms)
			SetLoadedEditorAssemblies (6ms)
			BeforeProcessingInitializeOnLoad (218ms)
			ProcessInitializeOnLoadAttributes (1703ms)
			ProcessInitializeOnLoadMethodAttributes (95ms)
			AfterProcessingInitializeOnLoad (6ms)
			EditorAssembliesLoaded (0ms)
		ExecutionOrderSort2 (0ms)
		AwakeInstancesAfterBackupRestoration (6ms)
Launched and connected shader compiler UnityShaderCompiler.exe after 0.03 seconds
Refreshing native plugins compatible for Editor in 2.16 ms, found 3 plugins.
Preloading 0 native plugins for Editor in 0.00 ms.
Unloading 248 Unused Serialized files (Serialized files now loaded: 0)
Unloading 7406 unused Assets / (4.8 MB). Loaded Objects now: 8173.
Memory consumption went from 193.7 MB to 188.9 MB.
Total: 21.549000 ms (FindLiveObjects: 2.364200 ms CreateObjectMapping: 1.830600 ms MarkObjects: 10.876900 ms  DeleteObjects: 6.475300 ms)

========================================================================
Received Import Request.
  Time since last request: 99088.762540 seconds.
  path: Assets/MidiPlayer/Resources/SoundfontsDB/UNDERTALE Soundfont/wave/CES-Gd2TR.wav
  artifactKey: Guid(4d83ba1642ff0214b9cfb67f08714b69) Importer(815301076,1909f56bfc062723c751e8b465ee728b)
Start importing Assets/MidiPlayer/Resources/SoundfontsDB/UNDERTALE Soundfont/wave/CES-Gd2TR.wav using Guid(4d83ba1642ff0214b9cfb67f08714b69) Importer(815301076,1909f56bfc062723c751e8b465ee728b) (PreviewImporter) -> (artifact id: '30082555ae7f62040aa20026a4449b2f') in 0.1862941 seconds
Number of updated asset objects reloaded before import = 0Number of asset objects unloaded after import = 2

========================================================================
Received Import Request.
  Time since last request: 0.000031 seconds.
  path: Assets/MidiPlayer/Resources/SoundfontsDB/UNDERTALE Soundfont/wave/CES-C4-TR.wav
  artifactKey: Guid(06a27f3b37649054b88582c4b8e475a9) Importer(815301076,1909f56bfc062723c751e8b465ee728b)
Start importing Assets/MidiPlayer/Resources/SoundfontsDB/UNDERTALE Soundfont/wave/CES-C4-TR.wav using Guid(06a27f3b37649054b88582c4b8e475a9) Importer(815301076,1909f56bfc062723c751e8b465ee728b) (PreviewImporter) -> (artifact id: '8ad21e38727f80b51ced502cd0886568') in 0.0101208 seconds
Number of updated asset objects reloaded before import = 0Number of asset objects unloaded after import = 2

========================================================================
Received Import Request.
  Time since last request: 0.000044 seconds.
  path: Assets/MidiPlayer/Resources/SoundfontsDB/UNDERTALE Soundfont/wave/Arco-Cello-Fd2.wav
  artifactKey: Guid(4c529d9e20b31e244bb86a8b5bb65964) Importer(815301076,1909f56bfc062723c751e8b465ee728b)
Start importing Assets/MidiPlayer/Resources/SoundfontsDB/UNDERTALE Soundfont/wave/Arco-Cello-Fd2.wav using Guid(4c529d9e20b31e244bb86a8b5bb65964) Importer(815301076,1909f56bfc062723c751e8b465ee728b) (PreviewImporter) -> (artifact id: '344435c6c495e6c9287022e00c60e4dd') in 0.0103295 seconds
Number of updated asset objects reloaded before import = 0Number of asset objects unloaded after import = 2

========================================================================
Received Import Request.
  Time since last request: 0.000027 seconds.
  path: Assets/MidiPlayer/Resources/SoundfontsDB/UNDERTALE Soundfont/wave/Arco-Cello-D2.wav
  artifactKey: Guid(1218103eed1483e419c7df7e60d4f53d) Importer(815301076,1909f56bfc062723c751e8b465ee728b)
Start importing Assets/MidiPlayer/Resources/SoundfontsDB/UNDERTALE Soundfont/wave/Arco-Cello-D2.wav using Guid(1218103eed1483e419c7df7e60d4f53d) Importer(815301076,1909f56bfc062723c751e8b465ee728b) (PreviewImporter) -> (artifact id: '70dfa33017cb783d7f3a84f010deb91f') in 0.009457 seconds
Number of updated asset objects reloaded before import = 0Number of asset objects unloaded after import = 2

========================================================================
Received Import Request.
  Time since last request: 0.000030 seconds.
  path: Assets/MidiPlayer/Resources/SoundfontsDB/UNDERTALE Soundfont/wave/Dance-kick.wav
  artifactKey: Guid(71a78f35c35cfd14cbd76a7344c9ca84) Importer(815301076,1909f56bfc062723c751e8b465ee728b)
Start importing Assets/MidiPlayer/Resources/SoundfontsDB/UNDERTALE Soundfont/wave/Dance-kick.wav using Guid(71a78f35c35cfd14cbd76a7344c9ca84) Importer(815301076,1909f56bfc062723c751e8b465ee728b) (PreviewImporter) -> (artifact id: '46bd3e2c24aee568636b42f1ad2aa0bc') in 0.0142428 seconds
Number of updated asset objects reloaded before import = 0Number of asset objects unloaded after import = 2

========================================================================
Received Import Request.
  Time since last request: 0.000026 seconds.
  path: Assets/MidiPlayer/Resources/SoundfontsDB/UNDERTALE Soundfont/wave/CES-F3-TR.wav
  artifactKey: Guid(2464ffe332473ab429da6713774eddfe) Importer(815301076,1909f56bfc062723c751e8b465ee728b)
Start importing Assets/MidiPlayer/Resources/SoundfontsDB/UNDERTALE Soundfont/wave/CES-F3-TR.wav using Guid(2464ffe332473ab429da6713774eddfe) Importer(815301076,1909f56bfc062723c751e8b465ee728b) (PreviewImporter) -> (artifact id: '4152646f7322763bb41df1fea6800104') in 0.0087544 seconds
Number of updated asset objects reloaded before import = 0Number of asset objects unloaded after import = 2

========================================================================
Received Import Request.
  Time since last request: 0.000030 seconds.
  path: Assets/MidiPlayer/Resources/SoundfontsDB/UNDERTALE Soundfont/wave/Concert-Choir-F5.wav
  artifactKey: Guid(5ef8aaa3842b26d49b4fb11966587f2e) Importer(815301076,1909f56bfc062723c751e8b465ee728b)
Start importing Assets/MidiPlayer/Resources/SoundfontsDB/UNDERTALE Soundfont/wave/Concert-Choir-F5.wav using Guid(5ef8aaa3842b26d49b4fb11966587f2e) Importer(815301076,1909f56bfc062723c751e8b465ee728b) (PreviewImporter) -> (artifact id: 'f35db05870a09a3b227d3d7050f322ac') in 0.0092991 seconds
Number of updated asset objects reloaded before import = 0Number of asset objects unloaded after import = 2

========================================================================
Received Import Request.
  Time since last request: 0.000049 seconds.
  path: Assets/MidiPlayer/Resources/SoundfontsDB/UNDERTALE Soundfont/wave/Celesta-C-5(L).wav
  artifactKey: Guid(ab440258a4f76d64d8defeebccbe2d53) Importer(815301076,1909f56bfc062723c751e8b465ee728b)
Start importing Assets/MidiPlayer/Resources/SoundfontsDB/UNDERTALE Soundfont/wave/Celesta-C-5(L).wav using Guid(ab440258a4f76d64d8defeebccbe2d53) Importer(815301076,1909f56bfc062723c751e8b465ee728b) (PreviewImporter) -> (artifact id: '3baa382728e3b119fab88e90c3d08495') in 0.0113374 seconds
Number of updated asset objects reloaded before import = 0Number of asset objects unloaded after import = 2

========================================================================
Received Import Request.
  Time since last request: 0.000032 seconds.
  path: Assets/MidiPlayer/Resources/SoundfontsDB/UNDERTALE Soundfont/wave/CES-Dd2TR.wav
  artifactKey: Guid(d829792ae8207474a884b3f2c9c6c9d3) Importer(815301076,1909f56bfc062723c751e8b465ee728b)
Start importing Assets/MidiPlayer/Resources/SoundfontsDB/UNDERTALE Soundfont/wave/CES-Dd2TR.wav using Guid(d829792ae8207474a884b3f2c9c6c9d3) Importer(815301076,1909f56bfc062723c751e8b465ee728b) (PreviewImporter) -> (artifact id: 'ddb794b9c23fba5b6e337f9fafe0b559') in 0.0134831 seconds
Number of updated asset objects reloaded before import = 0Number of asset objects unloaded after import = 2

========================================================================
Received Import Request.
  Time since last request: 0.000033 seconds.
  path: Assets/MidiPlayer/Resources/SoundfontsDB/UNDERTALE Soundfont/wave/Concert-Choir-Cd4.wav
  artifactKey: Guid(438540d81a638fe4093a566e70d862c6) Importer(815301076,1909f56bfc062723c751e8b465ee728b)
Start importing Assets/MidiPlayer/Resources/SoundfontsDB/UNDERTALE Soundfont/wave/Concert-Choir-Cd4.wav using Guid(438540d81a638fe4093a566e70d862c6) Importer(815301076,1909f56bfc062723c751e8b465ee728b) (PreviewImporter) -> (artifact id: 'e0a6341be0a038c787565455e2b2b880') in 0.0091194 seconds
Number of updated asset objects reloaded before import = 0Number of asset objects unloaded after import = 2

========================================================================
Received Import Request.
  Time since last request: 0.000027 seconds.
  path: Assets/MidiPlayer/Resources/SoundfontsDB/UNDERTALE Soundfont/wave/accent-4.wav
  artifactKey: Guid(99d8b5edb99a6144db3e22dff39a511b) Importer(815301076,1909f56bfc062723c751e8b465ee728b)
Start importing Assets/MidiPlayer/Resources/SoundfontsDB/UNDERTALE Soundfont/wave/accent-4.wav using Guid(99d8b5edb99a6144db3e22dff39a511b) Importer(815301076,1909f56bfc062723c751e8b465ee728b) (PreviewImporter) -> (artifact id: 'af1b3116974fb2f82ad37c48c950bc20') in 0.0090043 seconds
Number of updated asset objects reloaded before import = 0Number of asset objects unloaded after import = 2

========================================================================
Received Import Request.
  Time since last request: 0.000047 seconds.
  path: Assets/MidiPlayer/Resources/SoundfontsDB/UNDERTALE Soundfont/wave/CES-A3-TR.wav
  artifactKey: Guid(ee48208868506344e9a607462e217ad4) Importer(815301076,1909f56bfc062723c751e8b465ee728b)
Start importing Assets/MidiPlayer/Resources/SoundfontsDB/UNDERTALE Soundfont/wave/CES-A3-TR.wav using Guid(ee48208868506344e9a607462e217ad4) Importer(815301076,1909f56bfc062723c751e8b465ee728b) (PreviewImporter) -> (artifact id: '1081ded8a7b67872956a5564fb208d7e') in 0.0092825 seconds
Number of updated asset objects reloaded before import = 0Number of asset objects unloaded after import = 2

========================================================================
Received Import Request.
  Time since last request: 0.000031 seconds.
  path: Assets/MidiPlayer/Resources/SoundfontsDB/UNDERTALE Soundfont/wave/Celesta-Fd-6(L).wav
  artifactKey: Guid(51c090eacfaace14c95653a3915a7c24) Importer(815301076,1909f56bfc062723c751e8b465ee728b)
Start importing Assets/MidiPlayer/Resources/SoundfontsDB/UNDERTALE Soundfont/wave/Celesta-Fd-6(L).wav using Guid(51c090eacfaace14c95653a3915a7c24) Importer(815301076,1909f56bfc062723c751e8b465ee728b) (PreviewImporter) -> (artifact id: '21618f9f3d839de20c307c3667fef5e5') in 0.0096186 seconds
Number of updated asset objects reloaded before import = 0Number of asset objects unloaded after import = 2

========================================================================
Received Import Request.
  Time since last request: 0.000024 seconds.
  path: Assets/MidiPlayer/Resources/SoundfontsDB/UNDERTALE Soundfont/wave/accent-6.wav
  artifactKey: Guid(a3c6fc435f694724e82982facc9ce23e) Importer(815301076,1909f56bfc062723c751e8b465ee728b)
Start importing Assets/MidiPlayer/Resources/SoundfontsDB/UNDERTALE Soundfont/wave/accent-6.wav using Guid(a3c6fc435f694724e82982facc9ce23e) Importer(815301076,1909f56bfc062723c751e8b465ee728b) (PreviewImporter) -> (artifact id: '811a191d4e7261aab92dada5c2f60853') in 0.0091849 seconds
Number of updated asset objects reloaded before import = 0Number of asset objects unloaded after import = 2

========================================================================
Received Import Request.
  Time since last request: 0.000028 seconds.
  path: Assets/MidiPlayer/Resources/SoundfontsDB/UNDERTALE Soundfont/wave/Concert-Choir-Dd3.wav
  artifactKey: Guid(5dea73104c9fb8a4cb1c885a5b7562e1) Importer(815301076,1909f56bfc062723c751e8b465ee728b)
Start importing Assets/MidiPlayer/Resources/SoundfontsDB/UNDERTALE Soundfont/wave/Concert-Choir-Dd3.wav using Guid(5dea73104c9fb8a4cb1c885a5b7562e1) Importer(815301076,1909f56bfc062723c751e8b465ee728b) (PreviewImporter) -> (artifact id: 'd31b690c19e009b4dc9290bdeeba0240') in 0.009409 seconds
Number of updated asset objects reloaded before import = 0Number of asset objects unloaded after import = 2

========================================================================
Received Import Request.
  Time since last request: 0.000028 seconds.
  path: Assets/MidiPlayer/Resources/SoundfontsDB/UNDERTALE Soundfont/wave/accent-5.wav
  artifactKey: Guid(1bdba3137058e2a48a580b830929dfa0) Importer(815301076,1909f56bfc062723c751e8b465ee728b)
Start importing Assets/MidiPlayer/Resources/SoundfontsDB/UNDERTALE Soundfont/wave/accent-5.wav using Guid(1bdba3137058e2a48a580b830929dfa0) Importer(815301076,1909f56bfc062723c751e8b465ee728b) (PreviewImporter) -> (artifact id: 'e7585888978cad8483720c2cb996ca47') in 0.0094633 seconds
Number of updated asset objects reloaded before import = 0Number of asset objects unloaded after import = 2

========================================================================
Received Import Request.
  Time since last request: 0.000049 seconds.
  path: Assets/MidiPlayer/Resources/SoundfontsDB/UNDERTALE Soundfont/wave/Arco-Cello-Ad1.wav
  artifactKey: Guid(0d24972862a8fc44cbf2d71b74c79fa9) Importer(815301076,1909f56bfc062723c751e8b465ee728b)
Start importing Assets/MidiPlayer/Resources/SoundfontsDB/UNDERTALE Soundfont/wave/Arco-Cello-Ad1.wav using Guid(0d24972862a8fc44cbf2d71b74c79fa9) Importer(815301076,1909f56bfc062723c751e8b465ee728b) (PreviewImporter) -> (artifact id: '6e3585c7fa81760f21a990034ebabde8') in 0.0068151 seconds
Number of updated asset objects reloaded before import = 0Number of asset objects unloaded after import = 2

========================================================================
Received Import Request.
  Time since last request: 0.000018 seconds.
  path: Assets/MidiPlayer/Resources/SoundfontsDB/UNDERTALE Soundfont/wave/Concert-Choir-G5.wav
  artifactKey: Guid(0146d5b52d01f2a4b800baa942070194) Importer(815301076,1909f56bfc062723c751e8b465ee728b)
Start importing Assets/MidiPlayer/Resources/SoundfontsDB/UNDERTALE Soundfont/wave/Concert-Choir-G5.wav using Guid(0146d5b52d01f2a4b800baa942070194) Importer(815301076,1909f56bfc062723c751e8b465ee728b) (PreviewImporter) -> (artifact id: '12d65a8c3d0605f4098ab2b9b9745579') in 0.0071092 seconds
Number of updated asset objects reloaded before import = 0Number of asset objects unloaded after import = 2

Editor requested this worker to shutdown with reason: Scaling down because of idle timeout
AssetImportWorker is now disconnected from the server
Process exiting
Exiting without the bug reporter. Application will terminate with return code 0